<?xml version="1.0" encoding="UTF-8"?>
<!-- Generated by org.testng.reporters.JUnitReportReporter -->
<testsuite skipped="0" hostname="DESKTOP-Q9RIVVE" name="com.openinet.testCases.loginTestInet" tests="2" failures="0" timestamp="27 Jul 2019 04:19:45 GMT" time="22.779" errors="0">
  <testcase name="loginApp" time="11.341" classname="com.openinet.testCases.loginTestInet"/>
  <testcase name="GetTitile" time="11.438" classname="com.openinet.testCases.loginTestInet"/>
</testsuite> <!-- com.openinet.testCases.loginTestInet -->
